mode: set
admin/internal/domain/mail/templates.go:5.43,10.2 1 1
admin/internal/domain/mail/templates.go:12.52,18.2 2 0
admin/internal/domain/mail/templates.go:20.61,26.2 2 1
admin/internal/domain/user/entity.go:11.99,13.2 1 1
admin/internal/infrastructure/security/password_token.go:12.61,15.2 2 1
admin/internal/infrastructure/security/password_token.go:17.58,19.2 1 1
admin/internal/infrastructure/security/password_token.go:25.49,27.2 1 1
admin/internal/infrastructure/security/password_token.go:29.68,38.2 3 1
admin/internal/application/search/validator.go:12.83,13.25 1 1
admin/internal/application/search/validator.go:13.25,15.3 1 1
admin/internal/application/search/validator.go:17.2,18.30 2 1
admin/internal/application/search/validator.go:18.30,20.3 1 1
admin/internal/application/search/validator.go:21.2,29.30 5 1
admin/internal/application/search/validator.go:29.30,31.3 1 1
admin/internal/application/search/validator.go:32.2,37.26 4 1
admin/internal/application/search/validator.go:37.26,39.3 1 1
admin/internal/application/search/validator.go:40.2,40.12 1 1
admin/internal/application/search/validator.go:43.63,45.30 2 1
admin/internal/application/search/validator.go:45.30,46.64 1 1
admin/internal/application/search/validator.go:46.64,48.4 1 1
admin/internal/application/search/validator.go:50.2,50.17 1 1
admin/internal/application/search/validator.go:53.49,58.28 4 1
admin/internal/application/search/validator.go:58.28,59.57 1 1
admin/internal/application/search/validator.go:59.57,60.12 1 1
admin/internal/application/search/validator.go:62.3,62.25 1 1
admin/internal/application/search/validator.go:65.2,66.28 2 1
admin/internal/application/search/validator.go:66.28,67.57 1 1
admin/internal/application/search/validator.go:67.57,68.12 1 1
admin/internal/application/search/validator.go:70.3,71.38 2 1
admin/internal/application/search/validator.go:71.38,73.4 1 0
admin/internal/application/search/validator.go:76.2,76.31 1 1
admin/internal/presentation/http/router.go:24.50,73.2 29 0
admin/internal/presentation/http/router.go:75.27,76.12 1 0
admin/internal/presentation/http/router.go:76.12,77.59 1 0
admin/internal/presentation/http/router.go:77.59,78.14 1 0
admin/internal/infrastructure/persistence/redis/magic_link_store.go:17.64,19.2 1 0
admin/internal/infrastructure/persistence/redis/magic_link_store.go:21.101,23.2 1 0
admin/internal/infrastructure/persistence/redis/magic_link_store.go:25.85,27.16 2 0
admin/internal/infrastructure/persistence/redis/magic_link_store.go:27.16,28.34 1 0
admin/internal/infrastructure/persistence/redis/magic_link_store.go:28.34,30.4 1 0
admin/internal/infrastructure/persistence/redis/magic_link_store.go:31.3,31.17 1 0
admin/internal/infrastructure/persistence/redis/magic_link_store.go:33.2,33.55 1 0
admin/internal/infrastructure/persistence/redis/magic_link_store.go:33.55,35.3 1 0
admin/internal/infrastructure/persistence/redis/magic_link_store.go:36.2,36.22 1 0
admin/internal/infrastructure/mail/smtp/sender.go:19.29,26.2 1 0
admin/internal/infrastructure/mail/smtp/sender.go:28.48,29.34 1 0
admin/internal/infrastructure/mail/smtp/sender.go:29.34,31.3 1 0
admin/internal/infrastructure/mail/smtp/sender.go:32.2,32.17 1 0
admin/internal/infrastructure/mail/smtp/sender.go:40.36,42.2 1 0
admin/internal/infrastructure/mail/smtp/sender.go:44.72,58.16 4 0
admin/internal/infrastructure/mail/smtp/sender.go:58.16,60.3 1 0
admin/internal/infrastructure/mail/smtp/sender.go:61.2,61.12 1 0
admin/internal/infrastructure/persistence/postgres/user_repository.go:14.52,16.2 1 1
admin/internal/infrastructure/persistence/postgres/user_repository.go:18.113,24.16 3 1
admin/internal/infrastructure/persistence/postgres/user_repository.go:24.16,26.3 1 0
admin/internal/infrastructure/persistence/postgres/user_repository.go:27.2,27.16 1 1
admin/internal/infrastructure/persistence/postgres/user_repository.go:30.103,36.16 3 1
admin/internal/infrastructure/persistence/postgres/user_repository.go:36.16,38.3 1 0
admin/internal/infrastructure/persistence/postgres/user_repository.go:39.2,39.20 1 1
admin/internal/infrastructure/persistence/postgres/user_repository.go:42.101,48.2 2 1
admin/internal/application/auth/service.go:41.12,51.2 1 1
admin/internal/application/auth/service.go:53.60,56.2 2 1
admin/internal/application/auth/service.go:58.93,60.16 2 1
admin/internal/application/auth/service.go:60.16,62.3 1 0
admin/internal/application/auth/service.go:63.2,63.55 1 1
admin/internal/application/auth/service.go:63.55,65.3 1 1
admin/internal/application/auth/service.go:66.2,66.43 1 1
admin/internal/application/auth/service.go:69.84,71.16 2 1
admin/internal/application/auth/service.go:71.16,73.3 1 0
admin/internal/application/auth/service.go:75.2,76.16 2 1
admin/internal/application/auth/service.go:76.16,78.3 1 0
admin/internal/application/auth/service.go:80.2,80.72 1 1
admin/internal/application/auth/service.go:80.72,82.3 1 0
admin/internal/application/auth/service.go:84.2,86.30 3 1
admin/internal/application/auth/service.go:89.87,91.16 2 1
admin/internal/application/auth/service.go:91.16,92.50 1 1
admin/internal/application/auth/service.go:92.50,94.4 1 1
admin/internal/application/auth/service.go:95.3,95.17 1 0
admin/internal/application/auth/service.go:97.2,97.42 1 1
admin/internal/application/auth/service.go:100.89,102.16 2 1
admin/internal/application/auth/service.go:102.16,104.3 1 0
admin/internal/application/auth/service.go:106.2,107.16 2 1
admin/internal/application/auth/service.go:107.16,109.3 1 0
admin/internal/application/auth/service.go:111.2,111.72 1 1
admin/internal/application/auth/service.go:111.72,113.3 1 0
admin/internal/application/auth/service.go:115.2,117.30 3 1
admin/internal/application/auth/service.go:120.95,122.16 2 1
admin/internal/application/auth/service.go:122.16,123.50 1 0
admin/internal/application/auth/service.go:123.50,125.4 1 0
admin/internal/application/auth/service.go:126.3,126.13 1 0
admin/internal/application/auth/service.go:129.2,130.16 2 1
admin/internal/application/auth/service.go:130.16,132.3 1 0
admin/internal/application/auth/service.go:134.2,134.54 1 1
admin/internal/application/auth/service.go:137.90,139.16 2 1
admin/internal/application/auth/service.go:139.16,141.3 1 0
admin/internal/application/auth/service.go:142.2,142.13 1 1
admin/internal/application/auth/service.go:142.13,144.3 1 1
admin/internal/application/auth/service.go:145.2,145.39 1 1
admin/internal/application/auth/service.go:148.64,150.16 2 1
admin/internal/application/auth/service.go:150.16,152.3 1 0
admin/internal/application/auth/service.go:153.2,155.19 3 1
admin/internal/app/container.go:48.31,57.2 1 1
admin/internal/app/container.go:59.44,62.58 2 1
admin/internal/app/container.go:62.58,64.3 1 1
admin/internal/app/container.go:66.2,66.28 1 0
admin/internal/app/container.go:66.28,68.17 2 0
admin/internal/app/container.go:68.17,70.4 1 0
admin/internal/app/container.go:71.3,71.62 1 0
admin/internal/app/container.go:71.62,73.4 1 0
admin/internal/app/container.go:74.3,77.62 3 0
admin/internal/app/container.go:77.62,79.4 1 0
admin/internal/app/container.go:80.3,80.16 1 0
admin/internal/app/container.go:83.2,86.23 3 0
admin/internal/app/container.go:86.23,88.3 1 0
admin/internal/app/container.go:89.2,91.26 2 0
admin/internal/app/container.go:91.26,93.18 2 0
admin/internal/app/container.go:93.18,95.4 1 0
admin/internal/app/container.go:96.3,96.21 1 0
admin/internal/app/container.go:96.21,97.66 1 0
admin/internal/app/container.go:97.66,99.5 1 0
admin/internal/app/container.go:101.3,101.13 1 0
admin/internal/app/container.go:104.2,105.15 2 0
admin/internal/app/container.go:108.57,113.22 2 1
admin/internal/app/container.go:113.22,115.3 1 0
admin/internal/app/container.go:116.2,117.26 2 1
admin/internal/app/container.go:117.26,117.40 1 1
admin/internal/app/container.go:118.2,118.15 1 1
admin/internal/app/container.go:121.68,123.9 2 1
admin/internal/app/container.go:124.25,125.21 1 0
admin/internal/app/container.go:126.19,127.48 1 0
admin/internal/app/container.go:128.10,129.42 1 1
admin/internal/app/container.go:132.2,133.9 2 1
admin/internal/app/container.go:134.25,135.21 1 0
admin/internal/app/container.go:136.22,137.48 1 0
admin/internal/app/container.go:138.10,139.42 1 1
admin/internal/app/container.go:142.2,145.82 3 1
admin/internal/app/container.go:149.41,152.2 2 0
admin/internal/infrastructure/mail/memory/sender.go:16.26,18.2 1 1
admin/internal/infrastructure/mail/memory/sender.go:20.72,25.2 4 1
admin/internal/infrastructure/persistence/memory/magic_link_store.go:22.42,24.2 1 1
admin/internal/infrastructure/persistence/memory/magic_link_store.go:26.99,31.2 4 1
admin/internal/infrastructure/persistence/memory/magic_link_store.go:33.83,38.45 4 1
admin/internal/infrastructure/persistence/memory/magic_link_store.go:38.45,40.3 1 0
admin/internal/infrastructure/persistence/memory/magic_link_store.go:41.2,42.27 2 1
admin/internal/infrastructure/persistence/memory/user_repository.go:16.65,18.25 2 1
admin/internal/infrastructure/persistence/memory/user_repository.go:18.25,20.3 1 1
admin/internal/infrastructure/persistence/memory/user_repository.go:21.2,21.13 1 1
admin/internal/infrastructure/persistence/memory/user_repository.go:24.111,25.28 1 1
admin/internal/infrastructure/persistence/memory/user_repository.go:25.28,26.60 1 1
admin/internal/infrastructure/persistence/memory/user_repository.go:26.60,29.4 2 1
admin/internal/infrastructure/persistence/memory/user_repository.go:31.2,31.25 1 0
admin/internal/infrastructure/persistence/memory/user_repository.go:34.101,35.28 1 0
admin/internal/infrastructure/persistence/memory/user_repository.go:35.28,36.80 1 0
admin/internal/infrastructure/persistence/memory/user_repository.go:36.80,38.4 1 0
admin/internal/infrastructure/persistence/memory/user_repository.go:40.2,40.19 1 0
admin/internal/infrastructure/persistence/memory/user_repository.go:43.99,45.9 2 1
admin/internal/infrastructure/persistence/memory/user_repository.go:45.9,47.3 1 0
admin/internal/infrastructure/persistence/memory/user_repository.go:48.2,50.12 3 1
admin/internal/presentation/http/auth/handler.go:18.52,20.2 1 1
admin/internal/presentation/http/auth/handler.go:33.45,35.16 2 1
admin/internal/presentation/http/auth/handler.go:35.16,36.52 1 1
admin/internal/presentation/http/auth/handler.go:36.52,38.4 1 1
admin/internal/presentation/http/auth/handler.go:39.3,39.30 1 0
admin/internal/presentation/http/auth/handler.go:41.2,41.55 1 1
admin/internal/presentation/http/auth/handler.go:53.50,55.16 2 0
admin/internal/presentation/http/auth/handler.go:55.16,56.52 1 0
admin/internal/presentation/http/auth/handler.go:56.52,58.4 1 0
admin/internal/presentation/http/auth/handler.go:59.3,59.30 1 0
admin/internal/presentation/http/auth/handler.go:61.2,61.24 1 0
admin/internal/presentation/http/auth/handler.go:74.58,76.16 2 1
admin/internal/presentation/http/auth/handler.go:76.16,77.46 1 1
admin/internal/presentation/http/auth/handler.go:77.46,79.4 1 1
admin/internal/presentation/http/auth/handler.go:80.3,80.30 1 0
admin/internal/presentation/http/auth/handler.go:82.2,82.55 1 0
admin/internal/presentation/http/auth/handler.go:94.55,96.16 2 1
admin/internal/presentation/http/auth/handler.go:96.16,97.46 1 1
admin/internal/presentation/http/auth/handler.go:97.46,99.4 1 1
admin/internal/presentation/http/auth/handler.go:100.3,100.30 1 0
admin/internal/presentation/http/auth/handler.go:102.2,102.24 1 0
admin/internal/presentation/http/auth/handler.go:115.63,117.16 2 0
admin/internal/presentation/http/auth/handler.go:117.16,118.46 1 0
admin/internal/presentation/http/auth/handler.go:118.46,120.4 1 0
admin/internal/presentation/http/auth/handler.go:121.3,121.30 1 0
admin/internal/presentation/http/auth/handler.go:123.2,123.24 1 0
admin/internal/presentation/http/auth/handler.go:135.51,142.16 6 0
admin/internal/presentation/http/auth/handler.go:142.16,143.52 1 0
admin/internal/presentation/http/auth/handler.go:143.52,145.4 1 0
admin/internal/presentation/http/auth/handler.go:146.3,146.30 1 0
admin/internal/presentation/http/auth/handler.go:148.2,148.55 1 0
